Arguments: 
  /home/szut/.nvm/versions/node/v14.20.0/bin/node /home/szut/.nvm/versions/node/v14.20.0/bin/yarn install

PATH: 
  /home/szut/.nvm/versions/node/v14.20.0/bin:/usr/local/sbin:/usr/local/bin:/usr/sbin:/usr/bin:/sbin:/bin:/usr/games:/usr/local/games:/usr/lib/wsl/lib:/mnt/c/WINDOWS/system32:/mnt/c/WINDOWS:/mnt/c/WINDOWS/System32/Wbem:/mnt/c/WINDOWS/System32/WindowsPowerShell/v1.0/:/mnt/c/WINDOWS/System32/OpenSSH/:/mnt/c/ProgramData/chocolatey/bin:/mnt/c/Program Files/Docker/Docker/resources/bin:/mnt/c/Program Files/Cloudflare/Cloudflare WARP/:/mnt/c/Program Files/MySQL/MySQL Shell 8.0/bin/:/mnt/c/Users/Dell/AppData/Local/Microsoft/WindowsApps:/mnt/c/Program Files/JetBrains/PhpStorm 2022.2.1/bin:/mnt/c/Users/Dell/AppData/Local/GitHubDesktop/bin:/home/szut/crypto-wallet/crypto-wallet-frontend/node_modules/.bin:/home/szut/.composer/vendor/bin

Yarn version: 
  1.22.19

Node version: 
  14.20.0

Platform: 
  linux x64

Trace: 
  Error: EACCES: permission denied, mkdir '/home/szut/crypto-wallet/crypto-wallet-frontend/node_modules/@adobe'

npm manifest: 
  {
    "name": "admin-panel",
    "version": "0.1.0",
    "private": true,
    "dependencies": {
      "@reduxjs/toolkit": "^1.6.2",
      "@tatumio/tatum": "^1.32.0",
      "@testing-library/jest-dom": "^5.15.0",
      "@testing-library/react": "^11.2.7",
      "@testing-library/user-event": "^12.8.3",
      "apexcharts": "^3.26.3",
      "async": "^3.2.3",
      "axios": "^0.24.0",
      "bip39": "^3.0.4",
      "bootstrap": "^4.5.0",
      "jwt-decode": "^3.1.2",
      "moralis": "^1.3.1",
      "node-sass": "^4.14.1",
      "patch-package": "^6.4.7",
      "qrcode.react": "^1.0.1",
      "react": "^17.0.2",
      "react-apexcharts": "^1.3.9",
      "react-bootstrap": "^1.3.0",
      "react-datepicker": "^4.6.0",
      "react-dom": "^17.0.2",
      "react-moralis": "^1.3.1",
      "react-redux": "^7.2.6",
      "react-router-dom": "^6.0.2",
      "react-router-redux": "^4.0.8",
      "react-scripts": "4.0.3",
      "react-sparklines": "^1.7.0",
      "react-toastify": "^8.1.0",
      "sass": "^1.26.10",
      "styled-components": "^5.3.3",
      "web-vitals": "^1.1.2",
      "webpack": "^4.44.2"
    },
    "scripts": {
      "start": "react-scripts start",
      "build": "react-scripts build",
      "test": "react-scripts test",
      "eject": "react-scripts eject",
      "postinstall": "patch-package && npm i webpack@4.44.2"
    },
    "browserslist": {
      "production": [
        ">0.2%",
        "not dead",
        "not op_mini all"
      ],
      "development": [
        "last 1 chrome version",
        "last 1 firefox version",
        "last 1 safari version"
      ]
    },
    "eslintConfig": {
      "extends": [
        "react-app",
        "react-app/jest"
      ]
    },
    "devDependencies": {
      "eslint": "^7.32.0 || ^8.2.0",
      "eslint-config-airbnb": "^19.0.4",
      "eslint-config-prettier": "^8.5.0",
      "eslint-plugin-import": "^2.25.3",
      "eslint-plugin-jsx-a11y": "^6.5.1",
      "eslint-plugin-prettier": "^4.2.1",
      "eslint-plugin-react": "^7.28.0",
      "eslint-plugin-react-hooks": "^4.3.0",
      "prettier": "^2.8.1",
      "react-error-overlay": "^6.0.9"
    }
  }

yarn manifest: 
  No manifest

Lockfile: 
  No lockfile
